<?xml version="1.0" encoding="UTF-8"?>
<!-- Generated by org.testng.reporters.JUnitReportReporter -->
<testsuite hostname="DESKTOP-7OGTOJB" name="com.qa.tests.DemoTest" tests="4" failures="0" timestamp="1 Jan 2020 06:53:19 GMT" time="0.007" errors="0">
  <testcase name="div" time="0.000" classname="com.qa.tests.DemoTest"/>
  <testcase name="Sub" time="0.006" classname="com.qa.tests.DemoTest"/>
  <testcase name="multi" time="0.000" classname="com.qa.tests.DemoTest"/>
  <testcase name="add" time="0.001" classname="com.qa.tests.DemoTest"/>
</testsuite> <!-- com.qa.tests.DemoTest -->
